2020-04-23 00:23:02 [restartedMain] INFO  c.xinjingjie.restudy.SpringbootRestudyApplication -Starting SpringbootRestudyApplication on honor---心境界 with PID 4112 (D:\springBoot\springboot-restudy\target\classes started by 10902 in D:\springBoot\springboot-restudy)
2020-04-23 00:23:02 [restartedMain] DEBUG c.xinjingjie.restudy.SpringbootRestudyApplication -Running with Spring Boot v2.2.6.RELEASE, Spring v5.2.5.RELEASE
2020-04-23 00:23:02 [restartedMain] INFO  c.xinjingjie.restudy.SpringbootRestudyApplication -The following profiles are active: dev
2020-04-23 00:23:02 [restartedMain] INFO  o.s.b.d.env.DevToolsPropertyDefaultsPostProcessor -Devtools property defaults active! Set 'spring.devtools.add-properties' to 'false' to disable
2020-04-23 00:23:02 [restartedMain] INFO  o.s.b.d.env.DevToolsPropertyDefaultsPostProcessor -For additional web related logging consider setting the 'logging.level.web' property to 'DEBUG'
2020-04-23 00:23:03 [restartedMain] INFO  o.s.boot.web.embedded.tomcat.TomcatWebServer -Tomcat initialized with port(s): 8080 (http)
2020-04-23 00:23:03 [restartedMain] INFO  org.apache.catalina.core.StandardService -Starting service [Tomcat]
2020-04-23 00:23:03 [restartedMain] INFO  org.apache.catalina.core.StandardEngine -Starting Servlet engine: [Apache Tomcat/9.0.33]
2020-04-23 00:23:03 [restartedMain] INFO  o.a.c.core.ContainerBase.[Tomcat].[localhost].[/] -Initializing Spring embedded WebApplicationContext
2020-04-23 00:23:03 [restartedMain] INFO  org.springframework.web.context.ContextLoader -Root WebApplicationContext: initialization completed in 1143 ms
2020-04-23 00:23:03 [restartedMain] INFO  o.s.scheduling.concurrent.ThreadPoolTaskExecutor -Initializing ExecutorService 'applicationTaskExecutor'
2020-04-23 00:23:03 [restartedMain] INFO  o.s.b.a.web.servlet.WelcomePageHandlerMapping -Adding welcome page template: index
2020-04-23 00:23:03 [restartedMain] INFO  c.x.r.c.CustomConfig$$EnhancerBySpringCGLIB$$8112f032 -this is executed
2020-04-23 00:23:03 [restartedMain] INFO  o.s.b.d.autoconfigure.OptionalLiveReloadServer -LiveReload server is running on port 35729
2020-04-23 00:23:03 [restartedMain] INFO  o.s.boot.web.embedded.tomcat.TomcatWebServer -Tomcat started on port(s): 8080 (http) with context path ''
2020-04-23 00:23:03 [restartedMain] INFO  c.xinjingjie.restudy.SpringbootRestudyApplication -Started SpringbootRestudyApplication in 2.177 seconds (JVM running for 3.187)
2020-04-23 00:23:12 [http-nio-8080-exec-2] INFO  o.a.c.core.ContainerBase.[Tomcat].[localhost].[/] -Initializing Spring DispatcherServlet 'dispatcherServlet'
2020-04-23 00:23:12 [http-nio-8080-exec-2] INFO  org.springframework.web.servlet.DispatcherServlet -Initializing Servlet 'dispatcherServlet'
2020-04-23 00:23:12 [http-nio-8080-exec-2] INFO  org.springframework.web.servlet.DispatcherServlet -Completed initialization in 5 ms
2020-04-23 00:27:25 [restartedMain] INFO  c.xinjingjie.restudy.SpringbootRestudyApplication -Starting SpringbootRestudyApplication on honor---心境界 with PID 7820 (D:\springBoot\springboot-restudy\target\classes started by 10902 in D:\springBoot\springboot-restudy)
2020-04-23 00:27:25 [restartedMain] DEBUG c.xinjingjie.restudy.SpringbootRestudyApplication -Running with Spring Boot v2.2.6.RELEASE, Spring v5.2.5.RELEASE
2020-04-23 00:27:25 [restartedMain] INFO  c.xinjingjie.restudy.SpringbootRestudyApplication -The following profiles are active: dev
2020-04-23 00:27:26 [restartedMain] INFO  o.s.b.d.env.DevToolsPropertyDefaultsPostProcessor -Devtools property defaults active! Set 'spring.devtools.add-properties' to 'false' to disable
2020-04-23 00:27:26 [restartedMain] INFO  o.s.b.d.env.DevToolsPropertyDefaultsPostProcessor -For additional web related logging consider setting the 'logging.level.web' property to 'DEBUG'
2020-04-23 00:27:27 [restartedMain] INFO  o.s.boot.web.embedded.tomcat.TomcatWebServer -Tomcat initialized with port(s): 8080 (http)
2020-04-23 00:27:27 [restartedMain] INFO  org.apache.catalina.core.StandardService -Starting service [Tomcat]
2020-04-23 00:27:27 [restartedMain] INFO  org.apache.catalina.core.StandardEngine -Starting Servlet engine: [Apache Tomcat/9.0.33]
2020-04-23 00:27:27 [restartedMain] INFO  o.a.c.core.ContainerBase.[Tomcat].[localhost].[/] -Initializing Spring embedded WebApplicationContext
2020-04-23 00:27:27 [restartedMain] INFO  org.springframework.web.context.ContextLoader -Root WebApplicationContext: initialization completed in 1424 ms
2020-04-23 00:27:27 [restartedMain] INFO  o.s.scheduling.concurrent.ThreadPoolTaskExecutor -Initializing ExecutorService 'applicationTaskExecutor'
2020-04-23 00:27:27 [restartedMain] INFO  o.s.b.a.web.servlet.WelcomePageHandlerMapping -Adding welcome page template: index
2020-04-23 00:27:27 [restartedMain] INFO  c.x.r.c.CustomConfig$$EnhancerBySpringCGLIB$$dd97483a -this is executed
2020-04-23 00:27:27 [restartedMain] INFO  o.s.b.d.autoconfigure.OptionalLiveReloadServer -LiveReload server is running on port 35729
2020-04-23 00:27:27 [restartedMain] INFO  o.s.boot.web.embedded.tomcat.TomcatWebServer -Tomcat started on port(s): 8080 (http) with context path ''
2020-04-23 00:27:27 [restartedMain] INFO  c.xinjingjie.restudy.SpringbootRestudyApplication -Started SpringbootRestudyApplication in 2.653 seconds (JVM running for 4.051)
2020-04-23 00:27:35 [http-nio-8080-exec-3] INFO  o.a.c.core.ContainerBase.[Tomcat].[localhost].[/] -Initializing Spring DispatcherServlet 'dispatcherServlet'
2020-04-23 00:27:35 [http-nio-8080-exec-3] INFO  org.springframework.web.servlet.DispatcherServlet -Initializing Servlet 'dispatcherServlet'
2020-04-23 00:27:35 [http-nio-8080-exec-3] INFO  org.springframework.web.servlet.DispatcherServlet -Completed initialization in 5 ms
2020-04-23 00:27:44 [restartedMain] INFO  c.xinjingjie.restudy.SpringbootRestudyApplication -Starting SpringbootRestudyApplication on honor---心境界 with PID 10500 (D:\springBoot\springboot-restudy\target\classes started by 10902 in D:\springBoot\springboot-restudy)
2020-04-23 00:27:44 [restartedMain] DEBUG c.xinjingjie.restudy.SpringbootRestudyApplication -Running with Spring Boot v2.2.6.RELEASE, Spring v5.2.5.RELEASE
2020-04-23 00:27:44 [restartedMain] INFO  c.xinjingjie.restudy.SpringbootRestudyApplication -The following profiles are active: dev
2020-04-23 00:27:44 [restartedMain] INFO  o.s.b.d.env.DevToolsPropertyDefaultsPostProcessor -Devtools property defaults active! Set 'spring.devtools.add-properties' to 'false' to disable
2020-04-23 00:27:44 [restartedMain] INFO  o.s.b.d.env.DevToolsPropertyDefaultsPostProcessor -For additional web related logging consider setting the 'logging.level.web' property to 'DEBUG'
2020-04-23 00:27:46 [restartedMain] INFO  o.s.boot.web.embedded.tomcat.TomcatWebServer -Tomcat initialized with port(s): 8080 (http)
2020-04-23 00:27:46 [restartedMain] INFO  org.apache.catalina.core.StandardService -Starting service [Tomcat]
2020-04-23 00:27:46 [restartedMain] INFO  org.apache.catalina.core.StandardEngine -Starting Servlet engine: [Apache Tomcat/9.0.33]
2020-04-23 00:27:46 [restartedMain] INFO  o.a.c.core.ContainerBase.[Tomcat].[localhost].[/] -Initializing Spring embedded WebApplicationContext
2020-04-23 00:27:46 [restartedMain] INFO  org.springframework.web.context.ContextLoader -Root WebApplicationContext: initialization completed in 1133 ms
2020-04-23 00:27:46 [restartedMain] INFO  o.s.scheduling.concurrent.ThreadPoolTaskExecutor -Initializing ExecutorService 'applicationTaskExecutor'
2020-04-23 00:27:46 [restartedMain] INFO  o.s.b.a.web.servlet.WelcomePageHandlerMapping -Adding welcome page template: index
2020-04-23 00:27:46 [restartedMain] INFO  c.x.r.c.CustomConfig$$EnhancerBySpringCGLIB$$225caa19 -this is executed
2020-04-23 00:27:46 [restartedMain] INFO  o.s.b.d.autoconfigure.OptionalLiveReloadServer -LiveReload server is running on port 35729
2020-04-23 00:27:46 [restartedMain] INFO  o.s.boot.web.embedded.tomcat.TomcatWebServer -Tomcat started on port(s): 8080 (http) with context path ''
2020-04-23 00:27:46 [restartedMain] INFO  c.xinjingjie.restudy.SpringbootRestudyApplication -Started SpringbootRestudyApplication in 2.157 seconds (JVM running for 3.387)
2020-04-23 00:28:40 [restartedMain] INFO  c.xinjingjie.restudy.SpringbootRestudyApplication -Starting SpringbootRestudyApplication on honor---心境界 with PID 11244 (D:\springBoot\springboot-restudy\target\classes started by 10902 in D:\springBoot\springboot-restudy)
2020-04-23 00:28:40 [restartedMain] DEBUG c.xinjingjie.restudy.SpringbootRestudyApplication -Running with Spring Boot v2.2.6.RELEASE, Spring v5.2.5.RELEASE
2020-04-23 00:28:40 [restartedMain] INFO  c.xinjingjie.restudy.SpringbootRestudyApplication -The following profiles are active: dev
2020-04-23 00:28:40 [restartedMain] INFO  o.s.b.d.env.DevToolsPropertyDefaultsPostProcessor -Devtools property defaults active! Set 'spring.devtools.add-properties' to 'false' to disable
2020-04-23 00:28:40 [restartedMain] INFO  o.s.b.d.env.DevToolsPropertyDefaultsPostProcessor -For additional web related logging consider setting the 'logging.level.web' property to 'DEBUG'
2020-04-23 00:28:41 [restartedMain] INFO  o.s.boot.web.embedded.tomcat.TomcatWebServer -Tomcat initialized with port(s): 8080 (http)
2020-04-23 00:28:41 [restartedMain] INFO  org.apache.catalina.core.StandardService -Starting service [Tomcat]
2020-04-23 00:28:41 [restartedMain] INFO  org.apache.catalina.core.StandardEngine -Starting Servlet engine: [Apache Tomcat/9.0.33]
2020-04-23 00:28:41 [restartedMain] INFO  o.a.c.core.ContainerBase.[Tomcat].[localhost].[/] -Initializing Spring embedded WebApplicationContext
2020-04-23 00:28:41 [restartedMain] INFO  org.springframework.web.context.ContextLoader -Root WebApplicationContext: initialization completed in 1107 ms
2020-04-23 00:28:41 [restartedMain] INFO  o.s.scheduling.concurrent.ThreadPoolTaskExecutor -Initializing ExecutorService 'applicationTaskExecutor'
2020-04-23 00:28:41 [restartedMain] INFO  o.s.b.a.web.servlet.WelcomePageHandlerMapping -Adding welcome page template: index
2020-04-23 00:28:41 [restartedMain] INFO  c.x.r.c.CustomConfig$$EnhancerBySpringCGLIB$$454e9f39 -this is executed
2020-04-23 00:28:41 [restartedMain] INFO  o.s.b.d.autoconfigure.OptionalLiveReloadServer -LiveReload server is running on port 35729
2020-04-23 00:28:41 [restartedMain] INFO  o.s.boot.web.embedded.tomcat.TomcatWebServer -Tomcat started on port(s): 8080 (http) with context path ''
2020-04-23 00:28:41 [restartedMain] INFO  c.xinjingjie.restudy.SpringbootRestudyApplication -Started SpringbootRestudyApplication in 2.173 seconds (JVM running for 3.321)
2020-04-23 00:28:47 [http-nio-8080-exec-2] INFO  o.a.c.core.ContainerBase.[Tomcat].[localhost].[/] -Initializing Spring DispatcherServlet 'dispatcherServlet'
2020-04-23 00:28:47 [http-nio-8080-exec-2] INFO  org.springframework.web.servlet.DispatcherServlet -Initializing Servlet 'dispatcherServlet'
2020-04-23 00:28:47 [http-nio-8080-exec-2] INFO  org.springframework.web.servlet.DispatcherServlet -Completed initialization in 5 ms
2020-04-23 00:29:17 [http-nio-8080-exec-5] INFO  c.x.r.c.CustomConfig$$EnhancerBySpringCGLIB$$454e9f39 -preHandle-------------
2020-04-23 00:29:17 [http-nio-8080-exec-5] INFO  c.x.r.c.CustomConfig$$EnhancerBySpringCGLIB$$454e9f39 -重定向了
2020-04-23 00:29:17 [http-nio-8080-exec-5] TRACE com.xinjingjie.restudy.controller.MainController -这是trace日志
2020-04-23 00:29:17 [http-nio-8080-exec-5] DEBUG com.xinjingjie.restudy.controller.MainController -这是debug日志
2020-04-23 00:29:17 [http-nio-8080-exec-5] INFO  com.xinjingjie.restudy.controller.MainController -这是info日志
2020-04-23 00:29:17 [http-nio-8080-exec-5] WARN  com.xinjingjie.restudy.controller.MainController -这是warn日志
2020-04-23 00:29:17 [http-nio-8080-exec-5] ERROR com.xinjingjie.restudy.controller.MainController -这是error日志
2020-04-23 00:29:17 [http-nio-8080-exec-5] INFO  c.x.r.c.CustomConfig$$EnhancerBySpringCGLIB$$454e9f39 -postHandle-------------
2020-04-23 00:29:17 [http-nio-8080-exec-5] INFO  c.x.r.c.CustomConfig$$EnhancerBySpringCGLIB$$454e9f39 -afterCompletion-------------
2020-04-23 00:30:25 [http-nio-8080-exec-8] INFO  c.x.r.c.CustomConfig$$EnhancerBySpringCGLIB$$454e9f39 -preHandle-------------
2020-04-23 00:30:25 [http-nio-8080-exec-8] INFO  c.x.r.c.CustomConfig$$EnhancerBySpringCGLIB$$454e9f39 -重定向了
2020-04-23 00:30:25 [http-nio-8080-exec-8] TRACE com.xinjingjie.restudy.controller.MainController -这是trace日志
2020-04-23 00:30:25 [http-nio-8080-exec-8] DEBUG com.xinjingjie.restudy.controller.MainController -这是debug日志
2020-04-23 00:30:25 [http-nio-8080-exec-8] INFO  com.xinjingjie.restudy.controller.MainController -这是info日志
2020-04-23 00:30:25 [http-nio-8080-exec-8] WARN  com.xinjingjie.restudy.controller.MainController -这是warn日志
2020-04-23 00:30:25 [http-nio-8080-exec-8] ERROR com.xinjingjie.restudy.controller.MainController -这是error日志
2020-04-23 00:30:25 [http-nio-8080-exec-8] INFO  c.x.r.c.CustomConfig$$EnhancerBySpringCGLIB$$454e9f39 -postHandle-------------
2020-04-23 00:30:25 [http-nio-8080-exec-8] INFO  c.x.r.c.CustomConfig$$EnhancerBySpringCGLIB$$454e9f39 -afterCompletion-------------
2020-04-23 00:31:07 [http-nio-8080-exec-1] INFO  c.x.r.c.CustomConfig$$EnhancerBySpringCGLIB$$454e9f39 -preHandle-------------
2020-04-23 00:31:07 [http-nio-8080-exec-1] INFO  c.x.r.c.CustomConfig$$EnhancerBySpringCGLIB$$454e9f39 -重定向了
2020-04-23 00:31:07 [http-nio-8080-exec-1] TRACE com.xinjingjie.restudy.controller.MainController -这是trace日志
2020-04-23 00:31:07 [http-nio-8080-exec-1] DEBUG com.xinjingjie.restudy.controller.MainController -这是debug日志
2020-04-23 00:31:07 [http-nio-8080-exec-1] INFO  com.xinjingjie.restudy.controller.MainController -这是info日志
2020-04-23 00:31:07 [http-nio-8080-exec-1] WARN  com.xinjingjie.restudy.controller.MainController -这是warn日志
2020-04-23 00:31:07 [http-nio-8080-exec-1] ERROR com.xinjingjie.restudy.controller.MainController -这是error日志
2020-04-23 00:31:07 [http-nio-8080-exec-1] INFO  c.x.r.c.CustomConfig$$EnhancerBySpringCGLIB$$454e9f39 -postHandle-------------
2020-04-23 00:31:07 [http-nio-8080-exec-1] INFO  c.x.r.c.CustomConfig$$EnhancerBySpringCGLIB$$454e9f39 -afterCompletion-------------
2020-04-23 00:32:08 [restartedMain] INFO  c.xinjingjie.restudy.SpringbootRestudyApplication -Starting SpringbootRestudyApplication on honor---心境界 with PID 8464 (D:\springBoot\springboot-restudy\target\classes started by 10902 in D:\springBoot\springboot-restudy)
2020-04-23 00:32:08 [restartedMain] DEBUG c.xinjingjie.restudy.SpringbootRestudyApplication -Running with Spring Boot v2.2.6.RELEASE, Spring v5.2.5.RELEASE
2020-04-23 00:32:08 [restartedMain] INFO  c.xinjingjie.restudy.SpringbootRestudyApplication -The following profiles are active: dev
2020-04-23 00:32:08 [restartedMain] INFO  o.s.b.d.env.DevToolsPropertyDefaultsPostProcessor -Devtools property defaults active! Set 'spring.devtools.add-properties' to 'false' to disable
2020-04-23 00:32:08 [restartedMain] INFO  o.s.b.d.env.DevToolsPropertyDefaultsPostProcessor -For additional web related logging consider setting the 'logging.level.web' property to 'DEBUG'
2020-04-23 00:32:09 [restartedMain] INFO  o.s.boot.web.embedded.tomcat.TomcatWebServer -Tomcat initialized with port(s): 8080 (http)
2020-04-23 00:32:09 [restartedMain] INFO  org.apache.catalina.core.StandardService -Starting service [Tomcat]
2020-04-23 00:32:09 [restartedMain] INFO  org.apache.catalina.core.StandardEngine -Starting Servlet engine: [Apache Tomcat/9.0.33]
2020-04-23 00:32:09 [restartedMain] INFO  o.a.c.core.ContainerBase.[Tomcat].[localhost].[/] -Initializing Spring embedded WebApplicationContext
2020-04-23 00:32:09 [restartedMain] INFO  org.springframework.web.context.ContextLoader -Root WebApplicationContext: initialization completed in 1105 ms
2020-04-23 00:32:09 [restartedMain] INFO  o.s.scheduling.concurrent.ThreadPoolTaskExecutor -Initializing ExecutorService 'applicationTaskExecutor'
2020-04-23 00:32:10 [restartedMain] INFO  o.s.b.a.web.servlet.WelcomePageHandlerMapping -Adding welcome page template: index
2020-04-23 00:32:10 [restartedMain] INFO  c.x.r.c.CustomConfig$$EnhancerBySpringCGLIB$$fbe3e6bb -this is executed
2020-04-23 00:32:10 [restartedMain] INFO  o.s.b.d.autoconfigure.OptionalLiveReloadServer -LiveReload server is running on port 35729
2020-04-23 00:32:10 [restartedMain] INFO  o.s.boot.web.embedded.tomcat.TomcatWebServer -Tomcat started on port(s): 8080 (http) with context path ''
2020-04-23 00:32:10 [restartedMain] INFO  c.xinjingjie.restudy.SpringbootRestudyApplication -Started SpringbootRestudyApplication in 2.129 seconds (JVM running for 3.195)
2020-04-23 00:32:13 [http-nio-8080-exec-1] INFO  o.a.c.core.ContainerBase.[Tomcat].[localhost].[/] -Initializing Spring DispatcherServlet 'dispatcherServlet'
2020-04-23 00:32:13 [http-nio-8080-exec-1] INFO  org.springframework.web.servlet.DispatcherServlet -Initializing Servlet 'dispatcherServlet'
2020-04-23 00:32:13 [http-nio-8080-exec-1] INFO  org.springframework.web.servlet.DispatcherServlet -Completed initialization in 6 ms
2020-04-23 00:32:13 [http-nio-8080-exec-1] INFO  c.x.r.c.CustomConfig$$EnhancerBySpringCGLIB$$fbe3e6bb -preHandle-------------
2020-04-23 00:32:13 [http-nio-8080-exec-1] INFO  c.x.r.c.CustomConfig$$EnhancerBySpringCGLIB$$fbe3e6bb -重定向了
2020-04-23 00:32:13 [http-nio-8080-exec-1] WARN  o.s.w.s.m.m.a.ExceptionHandlerExceptionResolver -Resolved [com.xinjingjie.restudy.exception.UserNotExistException: 用户不存在]
2020-04-23 00:32:13 [http-nio-8080-exec-1] INFO  c.x.r.c.CustomConfig$$EnhancerBySpringCGLIB$$fbe3e6bb -afterCompletion-------------
2020-04-23 00:32:21 [http-nio-8080-exec-4] TRACE com.xinjingjie.restudy.controller.MainController -这是trace日志
2020-04-23 00:32:21 [http-nio-8080-exec-4] DEBUG com.xinjingjie.restudy.controller.MainController -这是debug日志
2020-04-23 00:32:21 [http-nio-8080-exec-4] INFO  com.xinjingjie.restudy.controller.MainController -这是info日志
2020-04-23 00:32:21 [http-nio-8080-exec-4] WARN  com.xinjingjie.restudy.controller.MainController -这是warn日志
2020-04-23 00:32:21 [http-nio-8080-exec-4] ERROR com.xinjingjie.restudy.controller.MainController -这是error日志
2020-04-23 00:32:33 [http-nio-8080-exec-5] INFO  c.x.r.c.CustomConfig$$EnhancerBySpringCGLIB$$fbe3e6bb -preHandle-------------
2020-04-23 00:32:33 [http-nio-8080-exec-5] INFO  c.x.r.c.CustomConfig$$EnhancerBySpringCGLIB$$fbe3e6bb -重定向了
2020-04-23 00:32:33 [http-nio-8080-exec-5] INFO  c.x.r.c.CustomConfig$$EnhancerBySpringCGLIB$$fbe3e6bb -postHandle-------------
2020-04-23 00:32:33 [http-nio-8080-exec-5] INFO  c.x.r.c.CustomConfig$$EnhancerBySpringCGLIB$$fbe3e6bb -afterCompletion-------------
2020-04-23 00:32:50 [http-nio-8080-exec-7] INFO  c.x.r.c.CustomConfig$$EnhancerBySpringCGLIB$$fbe3e6bb -preHandle-------------
2020-04-23 00:32:50 [http-nio-8080-exec-7] INFO  c.x.r.c.CustomConfig$$EnhancerBySpringCGLIB$$fbe3e6bb -重定向了
2020-04-23 00:32:50 [http-nio-8080-exec-7] INFO  c.x.r.c.CustomConfig$$EnhancerBySpringCGLIB$$fbe3e6bb -postHandle-------------
2020-04-23 00:32:50 [http-nio-8080-exec-7] INFO  c.x.r.c.CustomConfig$$EnhancerBySpringCGLIB$$fbe3e6bb -afterCompletion-------------
2020-04-23 00:33:42 [restartedMain] INFO  c.xinjingjie.restudy.SpringbootRestudyApplication -Starting SpringbootRestudyApplication on honor---心境界 with PID 4628 (D:\springBoot\springboot-restudy\target\classes started by 10902 in D:\springBoot\springboot-restudy)
2020-04-23 00:33:42 [restartedMain] DEBUG c.xinjingjie.restudy.SpringbootRestudyApplication -Running with Spring Boot v2.2.6.RELEASE, Spring v5.2.5.RELEASE
2020-04-23 00:33:42 [restartedMain] INFO  c.xinjingjie.restudy.SpringbootRestudyApplication -The following profiles are active: dev
2020-04-23 00:33:42 [restartedMain] INFO  o.s.b.d.env.DevToolsPropertyDefaultsPostProcessor -Devtools property defaults active! Set 'spring.devtools.add-properties' to 'false' to disable
2020-04-23 00:33:42 [restartedMain] INFO  o.s.b.d.env.DevToolsPropertyDefaultsPostProcessor -For additional web related logging consider setting the 'logging.level.web' property to 'DEBUG'
2020-04-23 00:33:43 [restartedMain] INFO  o.s.boot.web.embedded.tomcat.TomcatWebServer -Tomcat initialized with port(s): 8080 (http)
2020-04-23 00:33:43 [restartedMain] INFO  org.apache.catalina.core.StandardService -Starting service [Tomcat]
2020-04-23 00:33:43 [restartedMain] INFO  org.apache.catalina.core.StandardEngine -Starting Servlet engine: [Apache Tomcat/9.0.33]
2020-04-23 00:33:43 [restartedMain] INFO  o.a.c.core.ContainerBase.[Tomcat].[localhost].[/] -Initializing Spring embedded WebApplicationContext
2020-04-23 00:33:43 [restartedMain] INFO  org.springframework.web.context.ContextLoader -Root WebApplicationContext: initialization completed in 1112 ms
2020-04-23 00:33:43 [restartedMain] INFO  o.s.scheduling.concurrent.ThreadPoolTaskExecutor -Initializing ExecutorService 'applicationTaskExecutor'
2020-04-23 00:33:43 [restartedMain] INFO  o.s.b.a.web.servlet.WelcomePageHandlerMapping -Adding welcome page template: index
2020-04-23 00:33:43 [restartedMain] INFO  c.x.r.c.CustomConfig$$EnhancerBySpringCGLIB$$26838ed1 -this is executed
2020-04-23 00:33:44 [restartedMain] INFO  o.s.b.d.autoconfigure.OptionalLiveReloadServer -LiveReload server is running on port 35729
2020-04-23 00:33:44 [restartedMain] INFO  o.s.boot.web.embedded.tomcat.TomcatWebServer -Tomcat started on port(s): 8080 (http) with context path ''
2020-04-23 00:33:44 [restartedMain] INFO  c.xinjingjie.restudy.SpringbootRestudyApplication -Started SpringbootRestudyApplication in 2.051 seconds (JVM running for 3.232)
2020-04-23 00:33:47 [http-nio-8080-exec-1] INFO  o.a.c.core.ContainerBase.[Tomcat].[localhost].[/] -Initializing Spring DispatcherServlet 'dispatcherServlet'
2020-04-23 00:33:47 [http-nio-8080-exec-1] INFO  org.springframework.web.servlet.DispatcherServlet -Initializing Servlet 'dispatcherServlet'
2020-04-23 00:33:47 [http-nio-8080-exec-1] INFO  org.springframework.web.servlet.DispatcherServlet -Completed initialization in 5 ms
2020-04-23 00:33:56 [http-nio-8080-exec-3] INFO  c.x.r.c.CustomConfig$$EnhancerBySpringCGLIB$$26838ed1 -preHandle-------------
2020-04-23 00:33:56 [http-nio-8080-exec-3] INFO  c.x.r.c.CustomConfig$$EnhancerBySpringCGLIB$$26838ed1 -postHandle-------------
2020-04-23 00:33:56 [http-nio-8080-exec-3] INFO  c.x.r.c.CustomConfig$$EnhancerBySpringCGLIB$$26838ed1 -afterCompletion-------------
2020-04-23 00:36:59 [restartedMain] INFO  c.xinjingjie.restudy.SpringbootRestudyApplication -Starting SpringbootRestudyApplication on honor---心境界 with PID 7716 (D:\springBoot\springboot-restudy\target\classes started by 10902 in D:\springBoot\springboot-restudy)
2020-04-23 00:36:59 [restartedMain] DEBUG c.xinjingjie.restudy.SpringbootRestudyApplication -Running with Spring Boot v2.2.6.RELEASE, Spring v5.2.5.RELEASE
2020-04-23 00:36:59 [restartedMain] INFO  c.xinjingjie.restudy.SpringbootRestudyApplication -The following profiles are active: dev
2020-04-23 00:36:59 [restartedMain] INFO  o.s.b.d.env.DevToolsPropertyDefaultsPostProcessor -Devtools property defaults active! Set 'spring.devtools.add-properties' to 'false' to disable
2020-04-23 00:36:59 [restartedMain] INFO  o.s.b.d.env.DevToolsPropertyDefaultsPostProcessor -For additional web related logging consider setting the 'logging.level.web' property to 'DEBUG'
2020-04-23 00:37:00 [restartedMain] INFO  o.s.boot.web.embedded.tomcat.TomcatWebServer -Tomcat initialized with port(s): 8080 (http)
2020-04-23 00:37:00 [restartedMain] INFO  org.apache.catalina.core.StandardService -Starting service [Tomcat]
2020-04-23 00:37:00 [restartedMain] INFO  org.apache.catalina.core.StandardEngine -Starting Servlet engine: [Apache Tomcat/9.0.33]
2020-04-23 00:37:00 [restartedMain] INFO  o.a.c.core.ContainerBase.[Tomcat].[localhost].[/] -Initializing Spring embedded WebApplicationContext
2020-04-23 00:37:00 [restartedMain] INFO  org.springframework.web.context.ContextLoader -Root WebApplicationContext: initialization completed in 1148 ms
2020-04-23 00:37:01 [restartedMain] INFO  o.s.scheduling.concurrent.ThreadPoolTaskExecutor -Initializing ExecutorService 'applicationTaskExecutor'
2020-04-23 00:37:01 [restartedMain] INFO  o.s.b.a.web.servlet.WelcomePageHandlerMapping -Adding welcome page template: index
2020-04-23 00:37:01 [restartedMain] INFO  c.x.r.c.CustomConfig$$EnhancerBySpringCGLIB$$1f320b11 -this is executed
2020-04-23 00:37:01 [restartedMain] INFO  o.s.b.d.autoconfigure.OptionalLiveReloadServer -LiveReload server is running on port 35729
2020-04-23 00:37:01 [restartedMain] INFO  o.s.boot.web.embedded.tomcat.TomcatWebServer -Tomcat started on port(s): 8080 (http) with context path ''
2020-04-23 00:37:01 [restartedMain] INFO  c.xinjingjie.restudy.SpringbootRestudyApplication -Started SpringbootRestudyApplication in 2.176 seconds (JVM running for 3.257)
2020-04-23 00:37:05 [http-nio-8080-exec-1] INFO  o.a.c.core.ContainerBase.[Tomcat].[localhost].[/] -Initializing Spring DispatcherServlet 'dispatcherServlet'
2020-04-23 00:37:05 [http-nio-8080-exec-1] INFO  org.springframework.web.servlet.DispatcherServlet -Initializing Servlet 'dispatcherServlet'
2020-04-23 00:37:05 [http-nio-8080-exec-1] INFO  org.springframework.web.servlet.DispatcherServlet -Completed initialization in 5 ms
2020-04-23 00:37:20 [http-nio-8080-exec-5] INFO  c.x.r.c.CustomConfig$$EnhancerBySpringCGLIB$$1f320b11 -preHandle-------------
2020-04-23 00:37:20 [http-nio-8080-exec-5] INFO  c.x.r.c.CustomConfig$$EnhancerBySpringCGLIB$$1f320b11 -重定向了
2020-04-23 00:37:20 [http-nio-8080-exec-5] INFO  c.x.r.c.CustomConfig$$EnhancerBySpringCGLIB$$1f320b11 -postHandle-------------
2020-04-23 00:37:20 [http-nio-8080-exec-5] INFO  c.x.r.c.CustomConfig$$EnhancerBySpringCGLIB$$1f320b11 -afterCompletion-------------
2020-04-23 00:37:30 [http-nio-8080-exec-7] INFO  c.x.r.c.CustomConfig$$EnhancerBySpringCGLIB$$1f320b11 -preHandle-------------
2020-04-23 00:37:30 [http-nio-8080-exec-7] INFO  c.x.r.c.CustomConfig$$EnhancerBySpringCGLIB$$1f320b11 -postHandle-------------
2020-04-23 00:37:30 [http-nio-8080-exec-7] INFO  c.x.r.c.CustomConfig$$EnhancerBySpringCGLIB$$1f320b11 -afterCompletion-------------
2020-04-23 00:39:36 [restartedMain] INFO  c.xinjingjie.restudy.SpringbootRestudyApplication -Starting SpringbootRestudyApplication on honor---心境界 with PID 12932 (D:\springBoot\springboot-restudy\target\classes started by 10902 in D:\springBoot\springboot-restudy)
2020-04-23 00:39:36 [restartedMain] DEBUG c.xinjingjie.restudy.SpringbootRestudyApplication -Running with Spring Boot v2.2.6.RELEASE, Spring v5.2.5.RELEASE
2020-04-23 00:39:36 [restartedMain] INFO  c.xinjingjie.restudy.SpringbootRestudyApplication -The following profiles are active: dev
2020-04-23 00:39:36 [restartedMain] INFO  o.s.b.d.env.DevToolsPropertyDefaultsPostProcessor -Devtools property defaults active! Set 'spring.devtools.add-properties' to 'false' to disable
2020-04-23 00:39:36 [restartedMain] INFO  o.s.b.d.env.DevToolsPropertyDefaultsPostProcessor -For additional web related logging consider setting the 'logging.level.web' property to 'DEBUG'
2020-04-23 00:39:37 [restartedMain] INFO  o.s.boot.web.embedded.tomcat.TomcatWebServer -Tomcat initialized with port(s): 8080 (http)
2020-04-23 00:39:37 [restartedMain] INFO  org.apache.catalina.core.StandardService -Starting service [Tomcat]
2020-04-23 00:39:37 [restartedMain] INFO  org.apache.catalina.core.StandardEngine -Starting Servlet engine: [Apache Tomcat/9.0.33]
2020-04-23 00:39:37 [restartedMain] INFO  o.a.c.core.ContainerBase.[Tomcat].[localhost].[/] -Initializing Spring embedded WebApplicationContext
2020-04-23 00:39:37 [restartedMain] INFO  org.springframework.web.context.ContextLoader -Root WebApplicationContext: initialization completed in 1170 ms
2020-04-23 00:39:38 [restartedMain] INFO  o.s.scheduling.concurrent.ThreadPoolTaskExecutor -Initializing ExecutorService 'applicationTaskExecutor'
2020-04-23 00:39:38 [restartedMain] INFO  o.s.b.a.web.servlet.WelcomePageHandlerMapping -Adding welcome page template: index
2020-04-23 00:39:38 [restartedMain] INFO  c.x.r.c.CustomConfig$$EnhancerBySpringCGLIB$$6049447b -this is executed
2020-04-23 00:39:38 [restartedMain] INFO  o.s.b.d.autoconfigure.OptionalLiveReloadServer -LiveReload server is running on port 35729
2020-04-23 00:39:38 [restartedMain] INFO  o.s.boot.web.embedded.tomcat.TomcatWebServer -Tomcat started on port(s): 8080 (http) with context path ''
2020-04-23 00:39:38 [restartedMain] INFO  c.xinjingjie.restudy.SpringbootRestudyApplication -Started SpringbootRestudyApplication in 2.258 seconds (JVM running for 3.48)
2020-04-23 00:42:07 [restartedMain] INFO  c.xinjingjie.restudy.SpringbootRestudyApplication -Starting SpringbootRestudyApplication on honor---心境界 with PID 10580 (D:\springBoot\springboot-restudy\target\classes started by 10902 in D:\springBoot\springboot-restudy)
2020-04-23 00:42:07 [restartedMain] DEBUG c.xinjingjie.restudy.SpringbootRestudyApplication -Running with Spring Boot v2.2.6.RELEASE, Spring v5.2.5.RELEASE
2020-04-23 00:42:07 [restartedMain] INFO  c.xinjingjie.restudy.SpringbootRestudyApplication -The following profiles are active: dev
2020-04-23 00:42:07 [restartedMain] INFO  o.s.b.d.env.DevToolsPropertyDefaultsPostProcessor -Devtools property defaults active! Set 'spring.devtools.add-properties' to 'false' to disable
2020-04-23 00:42:07 [restartedMain] INFO  o.s.b.d.env.DevToolsPropertyDefaultsPostProcessor -For additional web related logging consider setting the 'logging.level.web' property to 'DEBUG'
2020-04-23 00:42:08 [restartedMain] INFO  o.s.boot.web.embedded.tomcat.TomcatWebServer -Tomcat initialized with port(s): 8080 (http)
2020-04-23 00:42:08 [restartedMain] INFO  org.apache.catalina.core.StandardService -Starting service [Tomcat]
2020-04-23 00:42:08 [restartedMain] INFO  org.apache.catalina.core.StandardEngine -Starting Servlet engine: [Apache Tomcat/9.0.33]
2020-04-23 00:42:08 [restartedMain] INFO  o.a.c.core.ContainerBase.[Tomcat].[localhost].[/] -Initializing Spring embedded WebApplicationContext
2020-04-23 00:42:08 [restartedMain] INFO  org.springframework.web.context.ContextLoader -Root WebApplicationContext: initialization completed in 1226 ms
2020-04-23 00:42:08 [restartedMain] INFO  o.s.scheduling.concurrent.ThreadPoolTaskExecutor -Initializing ExecutorService 'applicationTaskExecutor'
2020-04-23 00:42:09 [restartedMain] INFO  o.s.b.a.web.servlet.WelcomePageHandlerMapping -Adding welcome page template: index
2020-04-23 00:42:09 [restartedMain] INFO  c.x.r.c.CustomConfig$$EnhancerBySpringCGLIB$$1aff3a32 -this is executed
2020-04-23 00:42:09 [restartedMain] INFO  o.s.b.d.autoconfigure.OptionalLiveReloadServer -LiveReload server is running on port 35729
2020-04-23 00:42:09 [restartedMain] INFO  o.s.boot.web.embedded.tomcat.TomcatWebServer -Tomcat started on port(s): 8080 (http) with context path ''
2020-04-23 00:42:09 [restartedMain] INFO  c.xinjingjie.restudy.SpringbootRestudyApplication -Started SpringbootRestudyApplication in 2.254 seconds (JVM running for 3.338)
2020-04-23 00:42:20 [http-nio-8080-exec-1] INFO  o.a.c.core.ContainerBase.[Tomcat].[localhost].[/] -Initializing Spring DispatcherServlet 'dispatcherServlet'
2020-04-23 00:42:20 [http-nio-8080-exec-1] INFO  org.springframework.web.servlet.DispatcherServlet -Initializing Servlet 'dispatcherServlet'
2020-04-23 00:42:20 [http-nio-8080-exec-1] INFO  org.springframework.web.servlet.DispatcherServlet -Completed initialization in 5 ms
2020-04-23 00:42:20 [http-nio-8080-exec-1] TRACE com.xinjingjie.restudy.controller.MainController -这是trace日志
2020-04-23 00:42:20 [http-nio-8080-exec-1] DEBUG com.xinjingjie.restudy.controller.MainController -这是debug日志
2020-04-23 00:42:20 [http-nio-8080-exec-1] INFO  com.xinjingjie.restudy.controller.MainController -这是info日志
2020-04-23 00:42:20 [http-nio-8080-exec-1] WARN  com.xinjingjie.restudy.controller.MainController -这是warn日志
2020-04-23 00:42:20 [http-nio-8080-exec-1] ERROR com.xinjingjie.restudy.controller.MainController -这是error日志
2020-04-23 00:46:11 [restartedMain] INFO  c.xinjingjie.restudy.SpringbootRestudyApplication -Starting SpringbootRestudyApplication on honor---心境界 with PID 12220 (D:\springBoot\springboot-restudy\target\classes started by 10902 in D:\springBoot\springboot-restudy)
2020-04-23 00:46:11 [restartedMain] DEBUG c.xinjingjie.restudy.SpringbootRestudyApplication -Running with Spring Boot v2.2.6.RELEASE, Spring v5.2.5.RELEASE
2020-04-23 00:46:11 [restartedMain] INFO  c.xinjingjie.restudy.SpringbootRestudyApplication -The following profiles are active: dev
2020-04-23 00:46:11 [restartedMain] INFO  o.s.b.d.env.DevToolsPropertyDefaultsPostProcessor -Devtools property defaults active! Set 'spring.devtools.add-properties' to 'false' to disable
2020-04-23 00:46:11 [restartedMain] INFO  o.s.b.d.env.DevToolsPropertyDefaultsPostProcessor -For additional web related logging consider setting the 'logging.level.web' property to 'DEBUG'
2020-04-23 00:46:12 [restartedMain] INFO  o.s.boot.web.embedded.tomcat.TomcatWebServer -Tomcat initialized with port(s): 8080 (http)
2020-04-23 00:46:12 [restartedMain] INFO  org.apache.catalina.core.StandardService -Starting service [Tomcat]
2020-04-23 00:46:12 [restartedMain] INFO  org.apache.catalina.core.StandardEngine -Starting Servlet engine: [Apache Tomcat/9.0.33]
2020-04-23 00:46:13 [restartedMain] INFO  o.a.c.core.ContainerBase.[Tomcat].[localhost].[/] -Initializing Spring embedded WebApplicationContext
2020-04-23 00:46:13 [restartedMain] INFO  org.springframework.web.context.ContextLoader -Root WebApplicationContext: initialization completed in 1121 ms
2020-04-23 00:46:13 [restartedMain] INFO  o.s.scheduling.concurrent.ThreadPoolTaskExecutor -Initializing ExecutorService 'applicationTaskExecutor'
2020-04-23 00:46:13 [restartedMain] INFO  o.s.b.a.web.servlet.WelcomePageHandlerMapping -Adding welcome page template: index
2020-04-23 00:46:13 [restartedMain] INFO  c.x.r.c.CustomConfig$$EnhancerBySpringCGLIB$$57814d4d -this is executed
2020-04-23 00:46:13 [restartedMain] INFO  o.s.b.d.autoconfigure.OptionalLiveReloadServer -LiveReload server is running on port 35729
2020-04-23 00:46:13 [restartedMain] INFO  o.s.boot.web.embedded.tomcat.TomcatWebServer -Tomcat started on port(s): 8080 (http) with context path ''
2020-04-23 00:46:13 [restartedMain] INFO  c.xinjingjie.restudy.SpringbootRestudyApplication -Started SpringbootRestudyApplication in 2.161 seconds (JVM running for 3.274)
2020-04-23 00:46:16 [http-nio-8080-exec-3] INFO  o.a.c.core.ContainerBase.[Tomcat].[localhost].[/] -Initializing Spring DispatcherServlet 'dispatcherServlet'
2020-04-23 00:46:16 [http-nio-8080-exec-3] INFO  org.springframework.web.servlet.DispatcherServlet -Initializing Servlet 'dispatcherServlet'
2020-04-23 00:46:16 [http-nio-8080-exec-3] INFO  org.springframework.web.servlet.DispatcherServlet -Completed initialization in 6 ms
2020-04-23 00:57:27 [Thread-9] INFO  o.s.scheduling.concurrent.ThreadPoolTaskExecutor -Shutting down ExecutorService 'applicationTaskExecutor'
2020-04-23 00:57:27 [restartedMain] INFO  c.xinjingjie.restudy.SpringbootRestudyApplication -Starting SpringbootRestudyApplication on honor---心境界 with PID 12220 (D:\springBoot\springboot-restudy\target\classes started by 10902 in D:\springBoot\springboot-restudy)
2020-04-23 00:57:27 [restartedMain] DEBUG c.xinjingjie.restudy.SpringbootRestudyApplication -Running with Spring Boot v2.2.6.RELEASE, Spring v5.2.5.RELEASE
2020-04-23 00:57:27 [restartedMain] INFO  c.xinjingjie.restudy.SpringbootRestudyApplication -The following profiles are active: dev
2020-04-23 00:57:28 [restartedMain] INFO  o.s.boot.web.embedded.tomcat.TomcatWebServer -Tomcat initialized with port(s): 8080 (http)
2020-04-23 00:57:28 [restartedMain] INFO  org.apache.catalina.core.StandardService -Starting service [Tomcat]
2020-04-23 00:57:28 [restartedMain] INFO  org.apache.catalina.core.StandardEngine -Starting Servlet engine: [Apache Tomcat/9.0.33]
2020-04-23 00:57:28 [restartedMain] INFO  o.a.c.core.ContainerBase.[Tomcat].[localhost].[/] -Initializing Spring embedded WebApplicationContext
2020-04-23 00:57:28 [restartedMain] INFO  org.springframework.web.context.ContextLoader -Root WebApplicationContext: initialization completed in 408 ms
2020-04-23 00:57:28 [restartedMain] INFO  o.s.scheduling.concurrent.ThreadPoolTaskExecutor -Initializing ExecutorService 'applicationTaskExecutor'
2020-04-23 00:57:28 [restartedMain] INFO  o.s.b.a.web.servlet.WelcomePageHandlerMapping -Adding welcome page template: index
2020-04-23 00:57:28 [restartedMain] INFO  c.x.r.c.CustomConfig$$EnhancerBySpringCGLIB$$57814d4d -this is executed
2020-04-23 00:57:28 [restartedMain] INFO  o.s.b.d.autoconfigure.OptionalLiveReloadServer -LiveReload server is running on port 35729
2020-04-23 00:57:28 [restartedMain] INFO  o.s.boot.web.embedded.tomcat.TomcatWebServer -Tomcat started on port(s): 8080 (http) with context path ''
2020-04-23 00:57:28 [restartedMain] INFO  c.xinjingjie.restudy.SpringbootRestudyApplication -Started SpringbootRestudyApplication in 0.589 seconds (JVM running for 678.204)
2020-04-23 00:57:28 [restartedMain] INFO  o.s.b.d.a.ConditionEvaluationDeltaLoggingListener -Condition evaluation unchanged
2020-04-23 00:57:41 [Thread-17] INFO  o.s.scheduling.concurrent.ThreadPoolTaskExecutor -Shutting down ExecutorService 'applicationTaskExecutor'
2020-04-23 00:57:42 [restartedMain] INFO  c.xinjingjie.restudy.SpringbootRestudyApplication -Starting SpringbootRestudyApplication on honor---心境界 with PID 12220 (D:\springBoot\springboot-restudy\target\classes started by 10902 in D:\springBoot\springboot-restudy)
2020-04-23 00:57:42 [restartedMain] DEBUG c.xinjingjie.restudy.SpringbootRestudyApplication -Running with Spring Boot v2.2.6.RELEASE, Spring v5.2.5.RELEASE
2020-04-23 00:57:42 [restartedMain] INFO  c.xinjingjie.restudy.SpringbootRestudyApplication -The following profiles are active: dev
2020-04-23 00:57:42 [restartedMain] INFO  o.s.boot.web.embedded.tomcat.TomcatWebServer -Tomcat initialized with port(s): 8080 (http)
2020-04-23 00:57:42 [restartedMain] INFO  org.apache.catalina.core.StandardService -Starting service [Tomcat]
2020-04-23 00:57:42 [restartedMain] INFO  org.apache.catalina.core.StandardEngine -Starting Servlet engine: [Apache Tomcat/9.0.33]
2020-04-23 00:57:42 [restartedMain] INFO  o.a.c.core.ContainerBase.[Tomcat].[localhost].[/] -Initializing Spring embedded WebApplicationContext
2020-04-23 00:57:42 [restartedMain] INFO  org.springframework.web.context.ContextLoader -Root WebApplicationContext: initialization completed in 361 ms
2020-04-23 00:57:42 [restartedMain] INFO  o.s.scheduling.concurrent.ThreadPoolTaskExecutor -Initializing ExecutorService 'applicationTaskExecutor'
2020-04-23 00:57:42 [restartedMain] INFO  o.s.b.a.web.servlet.WelcomePageHandlerMapping -Adding welcome page template: index
2020-04-23 00:57:42 [restartedMain] INFO  c.x.r.c.CustomConfig$$EnhancerBySpringCGLIB$$57814d4d -this is executed
2020-04-23 00:57:42 [restartedMain] INFO  o.s.b.d.autoconfigure.OptionalLiveReloadServer -LiveReload server is running on port 35729
2020-04-23 00:57:42 [restartedMain] INFO  o.s.boot.web.embedded.tomcat.TomcatWebServer -Tomcat started on port(s): 8080 (http) with context path ''
2020-04-23 00:57:42 [restartedMain] INFO  c.xinjingjie.restudy.SpringbootRestudyApplication -Started SpringbootRestudyApplication in 0.562 seconds (JVM running for 692.728)
2020-04-23 00:57:42 [restartedMain] INFO  o.s.b.d.a.ConditionEvaluationDeltaLoggingListener -Condition evaluation unchanged
2020-04-23 00:58:10 [Thread-22] INFO  o.s.scheduling.concurrent.ThreadPoolTaskExecutor -Shutting down ExecutorService 'applicationTaskExecutor'
2020-04-23 00:58:10 [restartedMain] INFO  c.xinjingjie.restudy.SpringbootRestudyApplication -Starting SpringbootRestudyApplication on honor---心境界 with PID 12220 (D:\springBoot\springboot-restudy\target\classes started by 10902 in D:\springBoot\springboot-restudy)
2020-04-23 00:58:10 [restartedMain] DEBUG c.xinjingjie.restudy.SpringbootRestudyApplication -Running with Spring Boot v2.2.6.RELEASE, Spring v5.2.5.RELEASE
2020-04-23 00:58:10 [restartedMain] INFO  c.xinjingjie.restudy.SpringbootRestudyApplication -The following profiles are active: dev
2020-04-23 00:58:11 [restartedMain] INFO  o.s.boot.web.embedded.tomcat.TomcatWebServer -Tomcat initialized with port(s): 8080 (http)
2020-04-23 00:58:11 [restartedMain] INFO  org.apache.catalina.core.StandardService -Starting service [Tomcat]
2020-04-23 00:58:11 [restartedMain] INFO  org.apache.catalina.core.StandardEngine -Starting Servlet engine: [Apache Tomcat/9.0.33]
2020-04-23 00:58:11 [restartedMain] INFO  o.a.c.core.ContainerBase.[Tomcat].[localhost].[/] -Initializing Spring embedded WebApplicationContext
2020-04-23 00:58:11 [restartedMain] INFO  org.springframework.web.context.ContextLoader -Root WebApplicationContext: initialization completed in 326 ms
2020-04-23 00:58:11 [restartedMain] INFO  o.s.scheduling.concurrent.ThreadPoolTaskExecutor -Initializing ExecutorService 'applicationTaskExecutor'
2020-04-23 00:58:11 [restartedMain] INFO  o.s.b.a.web.servlet.WelcomePageHandlerMapping -Adding welcome page template: index
2020-04-23 00:58:11 [restartedMain] INFO  c.x.r.c.CustomConfig$$EnhancerBySpringCGLIB$$57814d4d -this is executed
2020-04-23 00:58:11 [restartedMain] INFO  o.s.b.d.autoconfigure.OptionalLiveReloadServer -LiveReload server is running on port 35729
2020-04-23 00:58:11 [restartedMain] INFO  o.s.boot.web.embedded.tomcat.TomcatWebServer -Tomcat started on port(s): 8080 (http) with context path ''
2020-04-23 00:58:11 [restartedMain] INFO  c.xinjingjie.restudy.SpringbootRestudyApplication -Started SpringbootRestudyApplication in 0.467 seconds (JVM running for 721.2)
2020-04-23 00:58:11 [restartedMain] INFO  o.s.b.d.a.ConditionEvaluationDeltaLoggingListener -Condition evaluation unchanged
2020-04-23 00:59:18 [Thread-27] INFO  o.s.scheduling.concurrent.ThreadPoolTaskExecutor -Shutting down ExecutorService 'applicationTaskExecutor'
2020-04-23 00:59:18 [restartedMain] INFO  c.xinjingjie.restudy.SpringbootRestudyApplication -Starting SpringbootRestudyApplication on honor---心境界 with PID 12220 (D:\springBoot\springboot-restudy\target\classes started by 10902 in D:\springBoot\springboot-restudy)
2020-04-23 00:59:18 [restartedMain] DEBUG c.xinjingjie.restudy.SpringbootRestudyApplication -Running with Spring Boot v2.2.6.RELEASE, Spring v5.2.5.RELEASE
2020-04-23 00:59:18 [restartedMain] INFO  c.xinjingjie.restudy.SpringbootRestudyApplication -The following profiles are active: dev
2020-04-23 00:59:19 [restartedMain] INFO  o.s.boot.web.embedded.tomcat.TomcatWebServer -Tomcat initialized with port(s): 8080 (http)
2020-04-23 00:59:19 [restartedMain] INFO  org.apache.catalina.core.StandardService -Starting service [Tomcat]
2020-04-23 00:59:19 [restartedMain] INFO  org.apache.catalina.core.StandardEngine -Starting Servlet engine: [Apache Tomcat/9.0.33]
2020-04-23 00:59:19 [restartedMain] INFO  o.a.c.core.ContainerBase.[Tomcat].[localhost].[/] -Initializing Spring embedded WebApplicationContext
2020-04-23 00:59:19 [restartedMain] INFO  org.springframework.web.context.ContextLoader -Root WebApplicationContext: initialization completed in 301 ms
2020-04-23 00:59:19 [restartedMain] INFO  o.s.scheduling.concurrent.ThreadPoolTaskExecutor -Initializing ExecutorService 'applicationTaskExecutor'
2020-04-23 00:59:19 [restartedMain] INFO  o.s.b.a.web.servlet.WelcomePageHandlerMapping -Adding welcome page template: index
2020-04-23 00:59:19 [restartedMain] INFO  c.x.r.c.CustomConfig$$EnhancerBySpringCGLIB$$57814d4d -this is executed
2020-04-23 00:59:19 [restartedMain] INFO  o.s.b.d.autoconfigure.OptionalLiveReloadServer -LiveReload server is running on port 35729
2020-04-23 00:59:19 [restartedMain] INFO  o.s.boot.web.embedded.tomcat.TomcatWebServer -Tomcat started on port(s): 8080 (http) with context path ''
2020-04-23 00:59:19 [restartedMain] INFO  c.xinjingjie.restudy.SpringbootRestudyApplication -Started SpringbootRestudyApplication in 0.464 seconds (JVM running for 789.206)
2020-04-23 00:59:19 [restartedMain] INFO  o.s.b.d.a.ConditionEvaluationDeltaLoggingListener -Condition evaluation unchanged
2020-04-23 01:04:18 [restartedMain] INFO  c.xinjingjie.restudy.SpringbootRestudyApplication -Starting SpringbootRestudyApplication on honor---心境界 with PID 12644 (D:\springBoot\springboot-restudy\target\classes started by 10902 in D:\springBoot\springboot-restudy)
2020-04-23 01:04:18 [restartedMain] DEBUG c.xinjingjie.restudy.SpringbootRestudyApplication -Running with Spring Boot v2.2.6.RELEASE, Spring v5.2.5.RELEASE
2020-04-23 01:04:18 [restartedMain] INFO  c.xinjingjie.restudy.SpringbootRestudyApplication -The following profiles are active: dev
2020-04-23 01:04:18 [restartedMain] INFO  o.s.b.d.env.DevToolsPropertyDefaultsPostProcessor -Devtools property defaults active! Set 'spring.devtools.add-properties' to 'false' to disable
2020-04-23 01:04:18 [restartedMain] INFO  o.s.b.d.env.DevToolsPropertyDefaultsPostProcessor -For additional web related logging consider setting the 'logging.level.web' property to 'DEBUG'
2020-04-23 01:04:19 [restartedMain] INFO  o.s.boot.web.embedded.tomcat.TomcatWebServer -Tomcat initialized with port(s): 8080 (http)
2020-04-23 01:04:19 [restartedMain] INFO  org.apache.catalina.core.StandardService -Starting service [Tomcat]
2020-04-23 01:04:19 [restartedMain] INFO  org.apache.catalina.core.StandardEngine -Starting Servlet engine: [Apache Tomcat/9.0.33]
2020-04-23 01:04:19 [restartedMain] INFO  o.a.c.core.ContainerBase.[Tomcat].[localhost].[/] -Initializing Spring embedded WebApplicationContext
2020-04-23 01:04:19 [restartedMain] INFO  org.springframework.web.context.ContextLoader -Root WebApplicationContext: initialization completed in 1343 ms
2020-04-23 01:04:20 [restartedMain] INFO  o.s.scheduling.concurrent.ThreadPoolTaskExecutor -Initializing ExecutorService 'applicationTaskExecutor'
2020-04-23 01:04:20 [restartedMain] INFO  o.s.b.a.web.servlet.WelcomePageHandlerMapping -Adding welcome page template: index
2020-04-23 01:04:20 [restartedMain] INFO  c.x.r.c.CustomConfig$$EnhancerBySpringCGLIB$$34b574e9 -this is executed
2020-04-23 01:04:20 [restartedMain] INFO  o.s.b.d.autoconfigure.OptionalLiveReloadServer -LiveReload server is running on port 35729
2020-04-23 01:04:20 [restartedMain] INFO  o.s.boot.web.embedded.tomcat.TomcatWebServer -Tomcat started on port(s): 8080 (http) with context path ''
2020-04-23 01:04:20 [restartedMain] INFO  c.xinjingjie.restudy.SpringbootRestudyApplication -Started SpringbootRestudyApplication in 2.554 seconds (JVM running for 3.924)
2020-04-23 01:04:24 [SpringContextShutdownHook] INFO  o.s.scheduling.concurrent.ThreadPoolTaskExecutor -Shutting down ExecutorService 'applicationTaskExecutor'
